[03:25:15] [main/INFO]: Loading Minecraft 1.21.4 with Fabric Loader 0.16.14
[03:25:15] [main/WARN]: Warnings were found!
 - Mod 'Debugify' (debugify) 1.21.4+1.1 recommends any version of yet_another_config_lib_v3, which is missing!
	 - You should install any version of yet_another_config_lib_v3 for the optimal experience.
 - Mod 'Debugify' (debugify) 1.21.4+1.1 recommends any version of modmenu, which is missing!
	 - You should install any version of modmenu for the optimal experience.
[03:25:15] [main/INFO]: Loading 82 mods:
	- alternate-current 1.9.1
	- c2me 0.3.1.3.0+1.21.4
	   |-- c2me-base 0.3.1.3.0+1.21.4
	   |-- c2me-client-uncapvd 0.3.1.3.0+1.21.4
	   |-- c2me-fixes-chunkio-threading-issues 0.3.1.3.0+1.21.4
	   |-- c2me-fixes-general-threading-issues 0.3.1.3.0+1.21.4
	   |-- c2me-fixes-worldgen-threading-issues 0.3.1.3.0+1.21.4
	   |-- c2me-fixes-worldgen-vanilla-bugs 0.3.1.3.0+1.21.4
	   |-- c2me-notickvd 0.3.1.3.0+1.21.4
	   |-- c2me-opts-allocs 0.3.1.3.0+1.21.4
	   |-- c2me-opts-chunkio 0.3.1.3.0+1.21.4
	   |-- c2me-opts-dfc 0.3.1.3.0+1.21.4
	   |-- c2me-opts-math 0.3.1.3.0+1.21.4
	   |-- c2me-opts-scheduling 0.3.1.3.0+1.21.4
	   |-- c2me-opts-worldgen-general 0.3.1.3.0+1.21.4
	   |-- c2me-opts-worldgen-vanilla 0.3.1.3.0+1.21.4
	   |-- c2me-rewrites-chunk-serializer 0.3.1.3.0+1.21.4
	   |-- c2me-rewrites-chunk-system 0.3.1.3.0+1.21.4
	   |-- c2me-rewrites-chunkio 0.3.1.3.0+1.21.4
	   |-- c2me-server-utils 0.3.1.3.0+1.21.4
	   |-- c2me-threading-lighting 0.3.1.3.0+1.21.4
	   |-- com_electronwill_night-config_core 3.6.5
	   |-- com_electronwill_night-config_toml 3.6.5
	   |-- com_ibm_async_asyncutil 0.1.0
	   |-- io_reactivex_rxjava3_rxjava 3.1.8
	   |-- mixinsquared 0.2.0-beta.6
	   |-- net_objecthunter_exp4j 0.4.8
	   |-- org_jctools_jctools-core 4.0.5
	   \-- org_reactivestreams_reactive-streams 1.0.4
	- chunky 1.4.27
	- debugify 1.21.4+1.1
	- fabric-api 0.119.3+1.21.4
	   |-- fabric-api-base 0.4.54+b47eab6b04
	   |-- fabric-api-lookup-api-v1 1.6.86+b1caf1e904
	   |-- fabric-biome-api-v1 15.0.6+b1c29d8e04
	   |-- fabric-block-api-v1 1.0.31+7feeb73304
	   |-- fabric-block-view-api-v2 1.0.20+9c49cc8c04
	   |-- fabric-blockrenderlayer-v1 2.0.8+7feeb73304
	   |-- fabric-client-tags-api-v1 1.1.29+20ea1e2304
	   |-- fabric-command-api-v1 1.2.62+f71b366f04
	   |-- fabric-command-api-v2 2.2.41+e496eb1504
	   |-- fabric-commands-v0 0.2.79+df3654b304
	   |-- fabric-content-registries-v0 9.1.19+25d1a67604
	   |-- fabric-convention-tags-v1 2.1.20+7f945d5b04
	   |-- fabric-convention-tags-v2 2.14.1+aebda09404
	   |-- fabric-crash-report-info-v1 0.3.6+7feeb73304
	   |-- fabric-data-attachment-api-v1 1.6.2+e99da0f704
	   |-- fabric-data-generation-api-v1 22.3.1+0f4e5f5504
	   |-- fabric-dimensions-v1 4.0.10+7feeb73304
	   |-- fabric-entity-events-v1 2.0.15+62245bef04
	   |-- fabric-events-interaction-v0 4.0.4+a4eebcf004
	   |-- fabric-game-rule-api-v1 1.0.63+7d48d43904
	   |-- fabric-item-api-v1 11.3.0+ee91fa1f04
	   |-- fabric-item-group-api-v1 4.2.2+fcb9601404
	   |-- fabric-key-binding-api-v1 1.0.57+7d48d43904
	   |-- fabric-keybindings-v0 0.2.55+df3654b304
	   |-- fabric-lifecycle-events-v1 2.5.4+bf2a60eb04
	   |-- fabric-loot-api-v2 3.0.38+3f89f5a504
	   |-- fabric-loot-api-v3 1.0.26+203e6b2304
	   |-- fabric-message-api-v1 6.0.26+238a33c004
	   |-- fabric-model-loading-api-v1 4.3.0+ae23723504
	   |-- fabric-networking-api-v1 4.4.0+db5e668204
	   |-- fabric-object-builder-api-v1 18.0.14+38b0d59804
	   |-- fabric-particles-v1 4.0.14+7feeb73304
	   |-- fabric-recipe-api-v1 8.1.1+640e77ae04
	   |-- fabric-registry-sync-v0 6.1.11+4a9c1ece04
	   |-- fabric-renderer-api-v1 5.0.3+50f0feb204
	   |-- fabric-renderer-indigo 2.0.3+50f0feb204
	   |-- fabric-rendering-data-attachment-v1 0.3.58+73761d2e04
	   |-- fabric-rendering-fluids-v1 3.1.19+7feeb73304
	   |-- fabric-rendering-v1 10.2.1+0d31b09f04
	   |-- fabric-resource-conditions-api-v1 5.0.13+203e6b2304
	   |-- fabric-resource-loader-v0 3.1.1+360374ac04
	   |-- fabric-screen-api-v1 2.0.38+7feeb73304
	   |-- fabric-screen-handler-api-v1 1.3.118+7feeb73304
	   |-- fabric-sound-api-v1 1.0.32+7feeb73304
	   |-- fabric-tag-api-v1 1.0.7+7d48d43904
	   |-- fabric-transfer-api-v1 5.4.9+efa825c904
	   \-- fabric-transitive-access-wideners-v1 6.3.2+56e78b9b04
	- fabricloader 0.16.14
	   \-- mixinextras 0.4.1
	- ferritecore 7.1.1
	- java 21
	- lithium 0.15.3+mc1.21.4
	- minecraft 1.21.4
	- modernfix 5.20.3+mc1.21.4
	- noisium 2.5.0+mc1.21.4
	- resourcefulconfig 3.4.3
	- scalablelux 0.1.2+beta.1+fabric.6d46f24
	- structure_layout_optimizer 1.1.1
	- threadtweak 0.1.7+mc1.21.5
	- tt20 0.7.1
	   \-- net_snackbag_shit_shit 1.2.3
[03:25:15] [main/INFO]: SpongePowered MIXIN Subsystem Version=0.8.7 Source=file:/workspaces/Fabirc-Server/libraries/net/fabricmc/sponge-mixin/0.15.5+mixin.0.8.7/sponge-mixin-0.15.5+mixin.0.8.7.jar Service=Knot/Fabric Env=SERVER
[03:25:15] [main/INFO]: Compatibility level set to JAVA_16
[03:25:15] [main/INFO]: Compatibility level set to JAVA_17
[03:25:15] [main/INFO]: Compatibility level set to JAVA_21
[03:25:15] [main/INFO]: Initializing com.ishland.c2me.base.mixin
[03:25:15] [main/INFO]: Global Executor Parallelism: 1 configured, 1 evaluated, 1 default evaluated
[03:25:15] [main/INFO]: Initializing com.ishland.c2me.fixes.chunkio.threading_issues.mixin
[03:25:15] [main/INFO]: Initializing com.ishland.c2me.fixes.general.threading_issues.mixin
[03:25:15] [main/INFO]: Initializing com.ishland.c2me.fixes.worldgen.threading_issues.mixin
[03:25:15] [main/INFO]: Initializing com.ishland.c2me.fixes.worldgen.vanilla_bugs.mixin
[03:25:15] [main/INFO]: Initializing com.ishland.c2me.notickvd.mixin
[03:25:16] [main/INFO]: Initializing com.ishland.c2me.opts.allocs.mixin
[03:25:16] [main/INFO]: Initializing com.ishland.c2me.opts.chunkio.mixin
[03:25:16] [main/INFO]: Initializing com.ishland.c2me.opts.dfc.mixin
[03:25:16] [main/INFO]: Initializing com.ishland.c2me.opts.math.mixin
[03:25:16] [main/INFO]: Initializing com.ishland.c2me.opts.scheduling.mixin
[03:25:16] [main/INFO]: Initializing com.ishland.c2me.opts.worldgen.general.mixin
[03:25:16] [main/INFO]: Initializing com.ishland.c2me.opts.worldgen.vanilla.mixin
[03:25:16] [main/INFO]: Initializing com.ishland.c2me.rewrites.chunk_serializer.mixin
[03:25:16] [main/INFO]: Disabling com.ishland.c2me.rewrites.chunk_serializer.mixin
[03:25:16] [main/INFO]: Initializing com.ishland.c2me.rewrites.chunksystem.mixin
[03:25:16] [main/INFO]: Initializing com.ishland.c2me.rewrites.chunkio.mixin
[03:25:16] [main/INFO]: Initializing com.ishland.c2me.server.utils.mixin
[03:25:16] [main/INFO]: Initializing com.ishland.c2me.threading.lighting.mixin
[03:25:16] [main/WARN]: Mod 'ferritecore' attempted to override option 'mixin.alloc.blockstate', which doesn't exist, ignoring
[03:25:16] [main/INFO]: Loaded configuration file for Lithium: 158 options available, 0 override(s) found.
[03:25:16] [main/INFO]: Loaded configuration file for ModernFix 5.20.3+mc1.21.4: 54 options available, 5 override(s) found
[03:25:16] [main/WARN]: Option 'mixin.bugfix.paper_chunk_patches' overriden (by mods [c2me]) to 'false'
[03:25:16] [main/WARN]: Option 'mixin.perf.cache_strongholds' overriden (by mods [c2me]) to 'false'
[03:25:16] [main/WARN]: Option 'mixin.perf.nbt_memory_usage' overriden (by mods [c2me]) to 'false'
[03:25:16] [main/WARN]: Option 'mixin.bugfix.chunk_deadlock' overriden (by mods [c2me]) to 'false'
[03:25:16] [main/WARN]: Option 'mixin.perf.thread_priorities' overriden (by mods [threadtweak]) to 'false'
[03:25:16] [main/INFO]: Applying Nashorn fix
[03:25:17] [main/INFO]: Initializing MixinExtras via com.llamalad7.mixinextras.service.MixinExtrasServiceImpl(version=0.4.1).
[03:25:17] [main/INFO]: ThreadTweak config initialized
[03:25:19] [main/WARN]: Method overwrite conflict for method_21740 in modernfix-common.mixins.json:perf.remove_biome_temperature_cache.BiomeMixin from mod modernfix, previously written by net.caffeinemc.mods.lithium.mixin.world.temperature_cache.BiomeMixin. Skipping method.
[03:25:23] [main/INFO]: Vanilla bootstrap took 6241 milliseconds
[03:25:24] [main/INFO]: Enabled 27 bug fixes: [MC-2025, MC-7569, MC-8187, MC-30391, MC-69216, MC-88371, MC-89146, MC-93018, MC-100991, MC-119417, MC-119754, MC-121706, MC-121903, MC-129909, MC-132878, MC-155509, MC-160095, MC-179072, MC-183990, MC-199467, MC-200418, MC-206922, MC-215530, MC-223153, MC-224729, MC-231743, MC-232869]
[03:25:24] [main/INFO]: Successfully Debugify'd your game!
[03:25:24] [main/INFO]: Loading Noisium.
[03:25:24] [main/INFO]: Starting TT20...
[03:25:24] [ForkJoinPool.commonPool-worker-1/INFO]: (TT20) Checking for updates...
[03:25:24] [main/INFO]: Environment: Environment[sessionHost=https://sessionserver.mojang.com, servicesHost=https://api.minecraftservices.com, name=PROD]
[03:25:25] [ForkJoinPool.commonPool-worker-1/INFO]: (TT20) Running the latest version
[03:25:26] [main/INFO]: Loaded 1370 recipes
[03:25:26] [main/INFO]: Loaded 1481 advancements
[03:25:26] [main/INFO]: Applied 0 biome modifications to 0 of 65 new biomes in 1.555 ms
[03:25:26] [Server thread/INFO]: Starting minecraft server version 1.21.4
[03:25:26] [Server thread/INFO]: Loading properties
[03:25:26] [Server thread/INFO]: Default game type: SURVIVAL
[03:25:26] [Server thread/INFO]: Generating keypair
[03:25:26] [Server thread/INFO]: Starting Minecraft server on *:25565
[03:25:27] [Server thread/INFO]: Using epoll channel type
[03:25:27] [Server thread/WARN]: **** SERVER IS RUNNING IN OFFLINE/INSECURE MODE!
[03:25:27] [Server thread/WARN]: The server will make no attempt to authenticate usernames. Beware.
[03:25:27] [Server thread/WARN]: While this makes the game possible to play without internet access, it also opens up the ability for hackers to connect with any username they choose.
[03:25:27] [Server thread/WARN]: To change this, set "online-mode" to "true" in the server.properties file.
[03:25:27] [Server thread/INFO]: Preparing level "world"
[03:25:27] [Server thread/INFO]: Enforcing safe world random access
[03:25:28] [Server thread/INFO]: [STDOUT]: Density function compilation finished in 360.2 ms
[03:25:28] [Server thread/INFO]: Using TheSpeedyObjectFactory with Unsafe
[03:25:28] [Server thread/INFO]: [STDOUT]: Density function compilation finished in 15.19 ms
[03:25:28] [Server thread/INFO]: [STDOUT]: Density function compilation finished in 6.560 ms
[03:25:28] [Server thread/INFO]: Preparing start region for dimension minecraft:overworld
[03:25:28] [Server thread/INFO]: [STDOUT]: [ScalableLux] Lighting scaling is enabled in externally managed mode
[03:25:31] [c2me-worker-0/INFO]: Preparing spawn area: 0%
[03:25:31] [c2me-worker-0/INFO]: Preparing spawn area: 0%
[03:25:31] [c2me-worker-0/INFO]: Preparing spawn area: 0%
[03:25:31] [c2me-worker-0/INFO]: Preparing spawn area: 0%
[03:25:31] [c2me-worker-0/INFO]: Preparing spawn area: 0%
[03:25:31] [c2me-worker-0/INFO]: Preparing spawn area: 0%
[03:25:31] [c2me-worker-0/INFO]: Preparing spawn area: 0%
[03:25:31] [c2me-worker-0/INFO]: Preparing spawn area: 28%
[03:25:32] [Server thread/INFO]: Time elapsed: 3963 ms
[03:25:32] [Server thread/INFO]: Done (5.053s)! For help, type "help"
[03:25:32] [Server thread/WARN]: Dedicated server took 17.852 seconds to load
[03:26:32] [Server thread/INFO]: Server empty for 60 seconds, pausing
[03:28:35] [Server thread/INFO]: anit24[/127.221.133.46:57113] logged in with entity id 7 at (1693.3507868059912, 136.3576553384157, 405.3242326156843)
[03:28:35] [Server thread/INFO]: anit24 joined the game
[03:28:37] [Server thread/WARN]: Can't keep up! Is the server overloaded? Running 2096ms or 41 ticks behind
[03:28:43] [Server thread/INFO]: [anit24: Set the time to 1000]
[03:29:20] [Server thread/INFO]: anit24 lost connection: Disconnected
[03:29:20] [Server thread/INFO]: anit24 left the game
[03:30:20] [Server thread/INFO]: Server empty for 60 seconds, pausing
